# JRE version: OpenJDK Runtime Environment Temurin-17.0.4.1+1 (17.0.4.1+1) (build 17.0.4.1+1)
# Java VM: OpenJDK 64-Bit Server VM Temurin-17.0.4.1+1 (17.0.4.1+1, mixed mode, tiered, compressed oops, compressed class ptrs, g1 gc, bsd-aarch64)
GC Precious Log:
 CPUs: 10 total, 10 available
 Memory: 16384M
 Large Page Support: Disabled
 NUMA Support: Disabled
 Compressed Oops: Enabled (Zero based)
 Heap Region Size: 2M
 Heap Min Capacity: 8M
 Heap Initial Capacity: 256M
 Heap Max Capacity: 4G
 Pre-touch: Disabled
 Parallel Workers: 9
 Concurrent Workers: 2
 Concurrent Refinement Workers: 9
 Periodic GC: Disabled
Heap:
 garbage-first heap   total 34816K, used 14680K [0x0000000700000000, 0x0000000800000000)
  region size 2048K, 2 young (4096K), 1 survivors (2048K)
 Metaspace       used 24766K, committed 24960K, reserved 1073152K
  class space    used 3245K, committed 3328K, reserved 1048576K
GC Heap History (8 events):
Event: 0.385 GC heap before
{Heap before GC invocations=0 (full 0):
 garbage-first heap   total 262144K, used 22528K [0x0000000700000000, 0x0000000800000000)
  region size 2048K, 11 young (22528K), 0 survivors (0K)
 Metaspace       used 13500K, committed 13696K, reserved 1064960K
  class space    used 1390K, committed 1472K, reserved 1048576K
}
Event: 0.387 GC heap after
{Heap after GC invocations=1 (full 0):
 garbage-first heap   total 262144K, used 3072K [0x0000000700000000, 0x0000000800000000)
  region size 2048K, 2 young (4096K), 2 survivors (4096K)
 Metaspace       used 13500K, committed 13696K, reserved 1064960K
  class space    used 1390K, committed 1472K, reserved 1048576K
}
Event: 0.777 GC heap before
{Heap before GC invocations=1 (full 0):
 garbage-first heap   total 262144K, used 31744K [0x0000000700000000, 0x0000000800000000)
  region size 2048K, 17 young (34816K), 2 survivors (4096K)
 Metaspace       used 21348K, committed 21504K, reserved 1073152K
  class space    used 2680K, committed 2752K, reserved 1048576K
}
Event: 0.780 GC heap after
{Heap after GC invocations=2 (full 0):
 garbage-first heap   total 262144K, used 6718K [0x0000000700000000, 0x0000000800000000)
  region size 2048K, 3 young (6144K), 3 survivors (6144K)
 Metaspace       used 21348K, committed 21504K, reserved 1073152K
  class space    used 2680K, committed 2752K, reserved 1048576K
}
Event: 0.938 GC heap before
{Heap before GC invocations=3 (full 0):
 garbage-first heap   total 34816K, used 21054K [0x0000000700000000, 0x0000000800000000)
  region size 2048K, 11 young (22528K), 3 survivors (6144K)
 Metaspace       used 24149K, committed 24384K, reserved 1073152K
  class space    used 3187K, committed 3264K, reserved 1048576K
}
Event: 0.941 GC heap after
{Heap after GC invocations=4 (full 0):
 garbage-first heap   total 34816K, used 9578K [0x0000000700000000, 0x0000000800000000)
  region size 2048K, 5 young (10240K), 5 survivors (10240K)
 Metaspace       used 24149K, committed 24384K, reserved 1073152K
  class space    used 3187K, committed 3264K, reserved 1048576K
}
Event: 0.964 GC heap before
{Heap before GC invocations=4 (full 0):
 garbage-first heap   total 34816K, used 13674K [0x0000000700000000, 0x0000000800000000)
  region size 2048K, 6 young (12288K), 5 survivors (10240K)
 Metaspace       used 24598K, committed 24832K, reserved 1073152K
  class space    used 3235K, committed 3328K, reserved 1048576K
}
Event: 0.967 GC heap after
{Heap after GC invocations=5 (full 0):
 garbage-first heap   total 34816K, used 12632K [0x0000000700000000, 0x0000000800000000)
  region size 2048K, 1 young (2048K), 1 survivors (2048K)
 Metaspace       used 24598K, committed 24832K, reserved 1073152K
  class space    used 3235K, committed 3328K, reserved 1048576K
}

